<?xml version="1.0" encoding="UTF-8"?>
<!-- Generated by org.testng.reporters.JUnitReportReporter -->
<testsuite hostname="HARSHITA" failures="0" tests="1" name="scrollIntoView.ScrollIntoView" time="1.133" errors="0" timestamp="22 Aug 2018 21:17:03 GMT" skipped="0">
  <testcase classname="scrollIntoView.ScrollIntoView" name="scrolling" time="1.133"/>
</testsuite> <!-- scrollIntoView.ScrollIntoView -->
